TN:
SF:src/app.ts
FN:10,main
FNF:1
FNH:1
FNDA:1,main
DA:1,1
DA:2,1
DA:3,1
DA:4,1
DA:5,1
DA:6,1
DA:7,1
DA:8,1
DA:9,1
DA:10,1
DA:11,1
DA:12,1
DA:13,1
DA:14,1
DA:15,1
DA:16,1
DA:17,1
DA:18,1
LF:18
LH:18
BRDA:6,0,0,1
BRDA:10,1,0,1
BRF:2
BRH:2
end_of_record
TN:
SF:src/config/envs.ts
FNF:0
FNH:0
DA:1,1
DA:2,1
DA:3,1
DA:4,1
DA:5,1
DA:6,1
DA:7,1
DA:8,1
DA:9,1
DA:10,1
LF:10
LH:10
BRF:0
BRH:0
end_of_record
TN:
SF:src/data/postgres/index.ts
FNF:0
FNH:0
DA:1,1
DA:2,1
DA:3,1
DA:4,1
LF:4
LH:4
BRF:0
BRH:0
end_of_record
TN:
SF:src/domain/index.ts
FNF:0
FNH:0
DA:1,1
DA:2,1
DA:3,1
DA:4,1
DA:5,1
DA:6,1
DA:7,1
DA:8,1
DA:9,1
DA:10,1
DA:11,1
DA:12,1
DA:13,1
LF:13
LH:13
BRF:0
BRH:0
end_of_record
TN:
SF:src/domain/datasources/todo.datasource.ts
FNF:0
FNH:0
DA:1,1
DA:2,1
DA:3,1
DA:4,1
DA:5,1
DA:6,1
DA:7,1
DA:8,1
DA:9,1
DA:10,1
DA:11,1
DA:12,1
DA:13,1
DA:14,1
DA:15,1
DA:16,1
DA:17,1
LF:17
LH:17
BRF:0
BRH:0
end_of_record
TN:
SF:src/domain/dtos/todos/create-todo.dto.ts
FN:9,<instance_members_initializer>
FN:7,CreateTodoDto
FN:13,create
FNF:3
FNH:3
FNDA:1,<instance_members_initializer>
FNDA:1,CreateTodoDto
FNDA:3,create
DA:1,1
DA:2,1
DA:3,1
DA:4,1
DA:5,1
DA:6,1
DA:7,1
DA:8,1
DA:9,1
DA:10,1
DA:11,1
DA:12,1
DA:13,1
DA:14,3
DA:15,3
DA:16,3
DA:17,3
DA:18,1
DA:19,1
DA:20,1
DA:21,1
LF:21
LH:21
BRDA:9,0,0,1
BRDA:7,1,0,1
BRDA:13,2,0,3
BRDA:17,3,0,1
BRDA:17,4,0,2
BRDA:18,5,0,1
BRF:6
BRH:6
end_of_record
TN:
SF:src/domain/entities/todo.entity.ts
FN:8,<instance_members_initializer>
FN:7,TodoEntity
FN:13,get isCompleted
FN:17,fromObject
FNF:4
FNH:3
FNDA:14,<instance_members_initializer>
FNDA:14,TodoEntity
FNDA:0,get isCompleted
FNDA:14,fromObject
DA:1,1
DA:2,1
DA:3,1
DA:4,1
DA:5,1
DA:6,1
DA:7,1
DA:8,14
DA:9,14
DA:10,14
DA:11,14
DA:12,1
DA:13,1
DA:14,0
DA:15,0
DA:16,1
DA:17,1
DA:18,14
DA:19,14
DA:20,14
DA:21,14
DA:22,14
DA:23,14
DA:24,2
DA:25,2
DA:26,0
DA:27,0
DA:28,14
DA:29,14
DA:30,14
DA:31,14
DA:32,1
DA:33,1
LF:33
LH:29
BRDA:8,0,0,14
BRDA:7,1,0,14
BRDA:17,2,0,14
BRDA:19,3,0,0
BRDA:20,4,0,0
BRDA:23,5,0,2
BRDA:25,6,0,0
BRF:7
BRH:4
end_of_record
TN:
SF:src/domain/errors/custom.error.ts
FN:8,<instance_members_initializer>
FN:7,CustomError
FNF:2
FNH:2
FNDA:3,<instance_members_initializer>
FNDA:3,CustomError
DA:1,1
DA:2,1
DA:3,1
DA:4,1
DA:5,1
DA:6,1
DA:7,1
DA:8,3
DA:9,3
DA:10,3
DA:11,3
DA:12,3
DA:13,3
DA:14,1
LF:14
LH:14
BRDA:8,0,0,3
BRDA:7,1,0,3
BRF:2
BRH:2
end_of_record
TN:
SF:src/domain/repositories/todo.repository.ts
FNF:0
FNH:0
DA:1,1
DA:2,1
DA:3,1
DA:4,1
DA:5,1
DA:6,1
DA:7,1
DA:8,1
DA:9,1
DA:10,1
DA:11,1
DA:12,1
DA:13,1
DA:14,1
DA:15,1
DA:16,1
DA:17,1
LF:17
LH:17
BRF:0
BRH:0
end_of_record
TN:
SF:src/domain/use-cases/todo/create-todo.ts
FN:13,<instance_members_initializer>
FN:12,CreateTodo
FN:16,execute
FNF:3
FNH:3
FNDA:1,<instance_members_initializer>
FNDA:1,CreateTodo
FNDA:1,execute
DA:1,1
DA:2,1
DA:3,1
DA:4,1
DA:5,1
DA:6,1
DA:7,1
DA:8,1
DA:9,1
DA:10,1
DA:11,1
DA:12,1
DA:13,1
DA:14,1
DA:15,1
DA:16,1
DA:17,1
DA:18,1
DA:19,1
LF:19
LH:19
BRDA:13,0,0,1
BRDA:12,1,0,1
BRDA:16,2,0,1
BRF:3
BRH:3
end_of_record
TN:
SF:src/domain/use-cases/todo/delete.todo.ts
FN:12,<instance_members_initializer>
FN:11,DeleteTodo
FN:15,execute
FNF:3
FNH:3
FNDA:2,<instance_members_initializer>
FNDA:2,DeleteTodo
FNDA:2,execute
DA:1,1
DA:2,1
DA:3,1
DA:4,1
DA:5,1
DA:6,1
DA:7,1
DA:8,1
DA:9,1
DA:10,1
DA:11,1
DA:12,2
DA:13,2
DA:14,1
DA:15,1
DA:16,2
DA:17,2
DA:18,1
LF:18
LH:18
BRDA:12,0,0,2
BRDA:11,1,0,2
BRDA:15,2,0,2
BRF:3
BRH:3
end_of_record
TN:
SF:src/domain/use-cases/todo/get-todo.ts
FN:12,<instance_members_initializer>
FN:11,GetTodo
FN:15,execute
FNF:3
FNH:3
FNDA:2,<instance_members_initializer>
FNDA:2,GetTodo
FNDA:2,execute
DA:1,1
DA:2,1
DA:3,1
DA:4,1
DA:5,1
DA:6,1
DA:7,1
DA:8,1
DA:9,1
DA:10,1
DA:11,1
DA:12,2
DA:13,2
DA:14,1
DA:15,1
DA:16,2
DA:17,2
DA:18,1
LF:18
LH:18
BRDA:12,0,0,2
BRDA:11,1,0,2
BRDA:15,2,0,2
BRF:3
BRH:3
end_of_record
TN:
SF:src/domain/use-cases/todo/get-todos.ts
FN:12,<instance_members_initializer>
FN:11,GetTodos
FN:15,execute
FNF:3
FNH:3
FNDA:1,<instance_members_initializer>
FNDA:1,GetTodos
FNDA:1,execute
DA:1,1
DA:2,1
DA:3,1
DA:4,1
DA:5,1
DA:6,1
DA:7,1
DA:8,1
DA:9,1
DA:10,1
DA:11,1
DA:12,1
DA:13,1
DA:14,1
DA:15,1
DA:16,1
DA:17,1
DA:18,1
LF:18
LH:18
BRDA:12,0,0,1
BRDA:11,1,0,1
BRDA:15,2,0,1
BRF:3
BRH:3
end_of_record
TN:
SF:src/domain/use-cases/todo/update-todo.ts
FN:13,<instance_members_initializer>
FN:12,UpdateTodo
FN:16,execute
FNF:3
FNH:3
FNDA:5,<instance_members_initializer>
FNDA:5,UpdateTodo
FNDA:5,execute
DA:1,1
DA:2,1
DA:3,1
DA:4,1
DA:5,1
DA:6,1
DA:7,1
DA:8,1
DA:9,1
DA:10,1
DA:11,1
DA:12,1
DA:13,5
DA:14,5
DA:15,1
DA:16,1
DA:17,5
DA:18,5
DA:19,1
LF:19
LH:19
BRDA:13,0,0,5
BRDA:12,1,0,5
BRDA:16,2,0,5
BRF:3
BRH:3
end_of_record
TN:
SF:src/infraestructure/datasource/todo.datasource.impl.ts
FN:8,create
FN:17,getAll
FN:22,findById
FN:32,updateById
FN:43,deleteById
FNF:5
FNH:5
FNDA:1,create
FNDA:1,getAll
FNDA:9,findById
FNDA:5,updateById
FNDA:2,deleteById
DA:1,1
DA:2,1
DA:3,1
DA:4,1
DA:5,1
DA:6,1
DA:7,1
DA:8,1
DA:9,1
DA:10,1
DA:11,1
DA:12,1
DA:13,1
DA:14,1
DA:15,1
DA:16,1
DA:17,1
DA:18,1
DA:19,1
DA:20,1
DA:21,1
DA:22,1
DA:23,9
DA:24,9
DA:25,9
DA:26,9
DA:27,9
DA:28,6
DA:29,6
DA:30,6
DA:31,1
DA:32,1
DA:33,5
DA:34,4
DA:35,4
DA:36,4
DA:37,4
DA:38,4
DA:39,4
DA:40,4
DA:41,4
DA:42,1
DA:43,1
DA:44,2
DA:45,1
DA:46,1
DA:47,1
DA:48,1
DA:49,1
DA:50,1
DA:51,1
DA:52,1
DA:53,1
DA:54,1
LF:54
LH:54
BRDA:8,0,0,1
BRDA:17,1,0,1
BRDA:19,2,0,2
BRDA:22,3,0,9
BRDA:27,4,0,3
BRDA:28,5,0,6
BRDA:32,6,0,5
BRDA:34,7,0,4
BRDA:43,8,0,2
BRDA:45,9,0,1
BRF:10
BRH:10
end_of_record
TN:
SF:src/infraestructure/repositories/todo.repository.impl.ts
FN:9,<instance_members_initializer>
FN:8,TodoRepositoryImpl
FN:13,create
FN:16,getAll
FN:19,findById
FN:22,updateById
FN:25,deleteById
FNF:7
FNH:7
FNDA:2,<instance_members_initializer>
FNDA:2,TodoRepositoryImpl
FNDA:1,create
FNDA:1,getAll
FNDA:2,findById
FNDA:5,updateById
FNDA:2,deleteById
DA:1,1
DA:2,1
DA:3,1
DA:4,1
DA:5,1
DA:6,1
DA:7,1
DA:8,1
DA:9,2
DA:10,2
DA:11,1
DA:12,1
DA:13,1
DA:14,1
DA:15,1
DA:16,1
DA:17,1
DA:18,1
DA:19,1
DA:20,2
DA:21,2
DA:22,1
DA:23,5
DA:24,5
DA:25,1
DA:26,2
DA:27,2
DA:28,1
DA:29,1
LF:29
LH:29
BRDA:9,0,0,2
BRDA:8,1,0,2
BRDA:13,2,0,1
BRDA:16,3,0,1
BRDA:19,4,0,2
BRDA:22,5,0,5
BRDA:25,6,0,2
BRF:7
BRH:7
end_of_record
TN:
SF:src/presentation/server.ts
FN:14,<instance_members_initializer>
FN:20,Server
FN:29,start
FN:56,close
FNF:4
FNH:4
FNDA:1,<instance_members_initializer>
FNDA:1,Server
FNDA:1,start
FNDA:1,close
DA:1,1
DA:2,1
DA:3,1
DA:4,1
DA:5,1
DA:6,1
DA:7,1
DA:8,1
DA:9,1
DA:10,1
DA:11,1
DA:12,1
DA:13,1
DA:14,1
DA:15,1
DA:16,1
DA:17,1
DA:18,1
DA:19,1
DA:20,1
DA:21,1
DA:22,1
DA:23,1
DA:24,1
DA:25,1
DA:26,1
DA:27,1
DA:28,1
DA:29,1
DA:30,1
DA:31,1
DA:32,1
DA:33,1
DA:34,1
DA:35,1
DA:36,1
DA:37,1
DA:38,1
DA:39,1
DA:40,1
DA:41,1
DA:42,1
DA:43,1
DA:44,1
DA:45,0
DA:46,0
DA:47,1
DA:48,1
DA:49,1
DA:50,1
DA:51,1
DA:52,1
DA:53,1
DA:54,1
DA:55,1
DA:56,1
DA:57,1
DA:58,1
DA:59,1
LF:59
LH:57
BRDA:14,0,0,1
BRDA:20,1,0,1
BRDA:29,2,0,1
BRDA:50,3,0,1
BRDA:56,4,0,1
BRF:5
BRH:5
end_of_record
TN:
SF:src/presentation/todos/controller.ts
FN:9,<instance_members_initializer>
FN:8,TodosController
FN:12,handleError
FN:23,getTodos
FN:31,getTodoById
FN:41,createTodos
FN:52,updateTodo
FN:66,deleteTodo
FNF:8
FNH:8
FNDA:2,<instance_members_initializer>
FNDA:2,TodosController
FNDA:3,handleError
FNDA:1,getTodos
FNDA:2,getTodoById
FNDA:3,createTodos
FNDA:5,updateTodo
FNDA:2,deleteTodo
DA:1,1
DA:2,1
DA:3,1
DA:4,1
DA:5,1
DA:6,1
DA:7,1
DA:8,1
DA:9,2
DA:10,2
DA:11,2
DA:12,2
DA:13,3
DA:14,3
DA:15,3
DA:16,3
DA:17,0
DA:18,0
DA:19,0
DA:20,0
DA:21,2
DA:22,2
DA:23,2
DA:24,1
DA:25,1
DA:26,1
DA:27,1
DA:28,2
DA:29,2
DA:30,2
DA:31,2
DA:32,2
DA:33,2
DA:34,2
DA:35,2
DA:36,2
DA:37,2
DA:38,2
DA:39,2
DA:40,2
DA:41,2
DA:42,3
DA:43,3
DA:44,1
DA:45,1
DA:46,1
DA:47,1
DA:48,1
DA:49,2
DA:50,2
DA:51,2
DA:52,2
DA:53,5
DA:54,5
DA:55,5
DA:56,5
DA:57,5
DA:58,5
DA:59,5
DA:60,5
DA:61,5
DA:62,5
DA:63,5
DA:64,2
DA:65,2
DA:66,2
DA:67,2
DA:68,2
DA:69,2
DA:70,2
DA:71,2
DA:72,2
DA:73,2
DA:74,2
DA:75,2
DA:76,1
DA:77,1
LF:77
LH:73
BRDA:9,0,0,2
BRDA:8,1,0,2
BRDA:12,2,0,3
BRDA:17,3,0,0
BRDA:23,4,0,1
BRDA:26,5,0,1
BRDA:31,6,0,2
BRDA:36,7,0,1
BRDA:37,8,0,1
BRDA:41,9,0,3
BRDA:43,10,0,2
BRDA:44,11,0,1
BRDA:47,12,0,1
BRDA:52,13,0,5
BRDA:57,14,0,0
BRDA:61,15,0,4
BRDA:62,16,0,1
BRDA:66,17,0,2
BRDA:72,18,0,1
BRDA:73,19,0,1
BRF:20
BRH:18
end_of_record
TN:
SF:src/presentation/todos/routes.ts
FN:10,get routes
FNF:1
FNH:1
FNDA:2,get routes
DA:1,1
DA:2,1
DA:3,1
DA:4,1
DA:5,1
DA:6,1
DA:7,1
DA:8,1
DA:9,1
DA:10,1
DA:11,2
DA:12,2
DA:13,2
DA:14,2
DA:15,2
DA:16,2
DA:17,2
DA:18,2
DA:19,2
DA:20,2
DA:21,2
DA:22,2
DA:23,2
DA:24,2
DA:25,2
DA:26,2
DA:27,1
LF:27
LH:27
BRDA:10,0,0,2
BRF:1
BRH:1
end_of_record
TN:
SF:test/test-server.ts
FNF:0
FNH:0
DA:1,1
DA:2,1
DA:3,1
DA:4,1
DA:5,1
DA:6,1
DA:7,1
DA:8,1
DA:9,1
LF:9
LH:9
BRF:0
BRH:0
end_of_record
